2022-07-14 16:44:29,511 iNeuron offers affordable online courses, job guarantee programs, placement assistance, a revolutionary self-paced internship portal and an unparalleled job portal
2022-07-14 16:44:29,511 17th Floor tower A Brigade Signature Towers, Sannatammanahalli, Bengaluru, Karnataka 562129
2022-07-14 16:44:29,511 contact@ineuron.ai
2022-07-14 16:44:29,511 

2022-07-14 16:44:29,511 lifetime access to 400+ courses in all technologies under one subscription
2022-07-14 16:44:29,516 There are 200+ courses in tech neuron and enrollment fees is 11800 Rs.
2022-07-14 16:44:29,516 There are 50+ courses in kids neuron and enrollment fees is 7080 Rs.
2022-07-14 16:44:29,516 

2022-07-14 16:44:29,517 I like python blogs
2022-07-14 16:44:29,517 

2022-07-14 16:44:29,517 There are 400+ courses in ineuron.
2022-07-14 16:44:29,517 ['Data Science, Big Data, Machine Learning, Data analyst, AWS, SQl, Excel, etc.']
2022-07-14 16:44:29,517 I enrolled in data science course
2022-07-14 16:44:29,517 

2022-07-14 16:44:29,517 My course name is Full stack data science bootcamp.
2022-07-14 16:44:29,517 Python
2022-07-14 16:44:29,517 

2022-07-14 16:44:29,517 As per schedule in every weekend there is live class.
2022-07-14 16:44:29,517 After every live classes, we can access the recording of live classes at any time.
2022-07-14 16:44:29,517 

2022-07-14 16:44:29,517 Names of all student who are learning data science
2022-07-14 16:44:29,517 Those students who are recently joined they will attend recording classes first.
2022-07-14 16:44:29,517 

2022-07-14 16:44:29,517 First you've to select the technology.
2022-07-14 16:44:29,517 Then select domain as per your desire.
2022-07-14 16:44:29,517 After that select a project whatever you like and complete that project.
2022-07-14 16:44:29,517 After completing of project you'll get internship certificate.
2022-07-14 16:44:29,517 

2022-07-14 16:44:29,517 I want to be a data scientist
2022-07-14 16:44:29,517 

2022-07-14 16:44:29,517 Every classes are amazing and I able to learn new things.
2022-07-14 16:44:29,517 They always help us.
2022-07-14 23:39:59,505 iNeuron offers affordable online courses, job guarantee programs, placement assistance, a revolutionary self-paced internship portal and an unparalleled job portal
2022-07-14 23:39:59,506 17th Floor tower A Brigade Signature Towers, Sannatammanahalli, Bengaluru, Karnataka 562129
2022-07-14 23:39:59,506 contact@ineuron.ai

