2022-07-15 12:06:40,376 iNeuron offers affordable online courses, job guarantee programs, placement assistance, a revolutionary self-paced internship portal and an unparalleled job portal
2022-07-15 12:06:40,376 17th Floor tower A Brigade Signature Towers, Sannatammanahalli, Bengaluru, Karnataka 562129
2022-07-15 12:06:40,376 contact@ineuron.ai
2022-07-15 12:06:40,376 lifetime access to 400+ courses in all technologies under one subscription
2022-07-15 12:06:40,376 There is tech neuron and kid neuron in one neuron.
2022-07-15 12:06:40,376 https://blog.ineuron.ai
2022-07-15 12:06:40,376 I like python blogs
2022-07-15 12:06:40,376 There are 400+ courses in ineuron.
2022-07-15 12:06:40,376 ['Data Science, Big Data, Machine Learning, Data analyst, AWS, SQl, Excel, etc.']
2022-07-15 12:06:40,376 I enrolled in data science course
2022-07-15 12:06:40,387 My course name is Full stack data science bootcamp.
2022-07-15 12:06:40,387 Python
2022-07-15 12:06:40,387 As per schedule in every weekend there is live class.
2022-07-15 12:06:40,388 After every live classes, we can access the recording of live classes at any time.
2022-07-15 12:06:40,388 First you've to select the technology.
2022-07-15 12:06:40,389 Then select domain as per your desire.
2022-07-15 12:06:40,389 After that select a project whatever you like and complete that project.
2022-07-15 12:06:40,389 After completing of project you'll get internship certificate.
2022-07-15 12:06:40,389 Data Scientist
2022-07-15 12:06:40,389 Every classes are amazing and I able to learn new things.
2022-07-15 12:06:40,389 They always help us.
