2022-07-14 17:18:10,439 iNeuron offers affordable online courses, job guarantee programs, placement assistance, a revolutionary self-paced internship portal and an unparalleled job portal
2022-07-14 17:18:10,440 17th Floor tower A Brigade Signature Towers, Sannatammanahalli, Bengaluru, Karnataka 562129
2022-07-14 17:18:10,441 contact@ineuron.ai
2022-07-14 17:18:10,441 lifetime access to 400+ courses in all technologies under one subscription
2022-07-14 17:18:10,441 There are 200+ courses in tech neuron and enrollment fees is 11800 Rs.
2022-07-14 17:18:10,442 There are 50+ courses in kids neuron and enrollment fees is 7080 Rs.
2022-07-14 17:18:10,442 

2022-07-14 17:18:10,442 iNeuron offers affordable online courses, job guarantee programs, placement assistance, a revolutionary self-paced internship portal and an unparalleled job portal
2022-07-14 17:18:10,442 17th Floor tower A Brigade Signature Towers, Sannatammanahalli, Bengaluru, Karnataka 562129
2022-07-14 17:18:10,442 contact@ineuron.ai
2022-07-14 17:18:10,442 lifetime access to 400+ courses in all technologies under one subscription
2022-07-14 17:18:10,442 There are 200+ courses in tech neuron and enrollment fees is 11800 Rs.
2022-07-14 17:18:10,444 There are 50+ courses in kids neuron and enrollment fees is 7080 Rs.
2022-07-14 17:18:10,444 https://blog.ineuron.ai
2022-07-14 17:18:10,444 I like python blogs
2022-07-14 17:18:10,444 There are 400+ courses in ineuron.
2022-07-14 17:18:10,444 ['Data Science, Big Data, Machine Learning, Data analyst, AWS, SQl, Excel, etc.']
2022-07-14 17:18:10,445 I enrolled in data science course
2022-07-14 17:18:10,445 

2022-07-14 17:18:10,445 iNeuron offers affordable online courses, job guarantee programs, placement assistance, a revolutionary self-paced internship portal and an unparalleled job portal
2022-07-14 17:18:10,445 17th Floor tower A Brigade Signature Towers, Sannatammanahalli, Bengaluru, Karnataka 562129
2022-07-14 17:18:10,445 contact@ineuron.ai
2022-07-14 17:18:10,445 lifetime access to 400+ courses in all technologies under one subscription
2022-07-14 17:18:10,445 There are 50+ courses in kids neuron and enrollment fees is 7080 Rs.
2022-07-14 17:18:10,445 There are 200+ courses in tech neuron and enrollment fees is 11800 Rs.
2022-07-14 17:18:10,445 https://blog.ineuron.ai
2022-07-14 17:18:10,445 I like python blogs
2022-07-14 17:18:10,445 There are 400+ courses in ineuron.
2022-07-14 17:18:10,445 ['Data Science, Big Data, Machine Learning, Data analyst, AWS, SQl, Excel, etc.']
2022-07-14 17:18:10,445 I enrolled in data science course
2022-07-14 17:18:10,445 My course name is Full stack data science bootcamp.
2022-07-14 17:18:10,445 Python
2022-07-14 17:18:10,445 As per schedule in every weekend there is live class.
2022-07-14 17:18:10,445 After every live classes, we can access the recording of live classes at any time.
2022-07-14 17:18:10,445 Names of all student who are learning data science
2022-07-14 17:18:10,445 Those students who are recently joined they will attend recording classes first.
2022-07-14 17:18:10,445 First you've to select the technology.
2022-07-14 17:18:10,445 Then select domain as per your desire.
2022-07-14 17:18:10,445 After that select a project whatever you like and complete that project.
2022-07-14 17:18:10,445 After completing of project you'll get internship certificate.
2022-07-14 17:18:10,445 I want to be a data scientist
2022-07-14 17:18:10,445 Every classes are amazing and I able to learn new things.
2022-07-14 17:18:10,445 They always help us.
